01:01:53.920 [main] INFO  c.s.ServerApplication - [logStarting,55] - Starting ServerApplication using Java 17.0.14 on bxwy with PID 47136 (D:\0.bishe\QGJ\greenhouse-management-oldserver\server-admin\target\classes started by bxwy in D:\0.bishe\QGJ\greenhouse-management-oldserver)
01:01:53.916 [background-preinit] INFO  o.h.v.i.util.Version - [<clinit>,21] - HV000001: Hibernate Validator 6.2.5.Final
01:01:53.924 [main] INFO  c.s.ServerApplication - [logStartupProfileInfo,686] - The following 2 profiles are active: "dev", "druid"
01:01:56.395 [main] INFO  o.a.c.h.Http11NioProtocol - [log,173] - Initializing ProtocolHandler ["http-nio-8080"]
01:01:56.396 [main] INFO  o.a.c.c.StandardService - [log,173] - Starting service [Tomcat]
01:01:56.396 [main] INFO  o.a.c.c.StandardEngine - [log,173] - Starting Servlet engine: [Apache Tomcat/9.0.102]
01:01:56.565 [main] INFO  o.a.c.c.C.[.[.[/] - [log,173] - Initializing Spring embedded WebApplicationContext
01:01:57.669 [main] INFO  c.a.d.p.DruidDataSource - [init,1002] - {dataSource-1} inited
01:02:01.256 [main] INFO  c.s.s.SerialPortService - [init,36] - 正在初始化串口服务...
01:02:01.256 [main] INFO  c.s.s.SerialPortService - [connect,41] - 正在尝试连接串口: COM5，波特率: 9600
01:02:01.411 [main] INFO  c.s.s.SerialPortService - [connect,46] - 成功打开串口: COM5
01:02:01.613 [main] INFO  o.q.i.StdSchedulerFactory - [instantiate,1220] - Using default implementation for ThreadExecutor
01:02:01.628 [main] INFO  o.q.c.SchedulerSignalerImpl - [<init>,61] - Initialized Scheduler Signaller of type: class org.quartz.core.SchedulerSignalerImpl
01:02:01.628 [main] INFO  o.q.c.QuartzScheduler - [<init>,229] - Quartz Scheduler v.2.3.2 created.
01:02:01.629 [main] INFO  o.q.s.RAMJobStore - [initialize,155] - RAMJobStore initialized.
01:02:01.630 [main] INFO  o.q.c.QuartzScheduler - [initialize,294] - Scheduler meta-data: Quartz Scheduler (v2.3.2) 'quartzScheduler' with instanceId 'NON_CLUSTERED'
  Scheduler class: 'org.quartz.core.QuartzScheduler' - running locally.
  NOT STARTED.
  Currently in standby mode.
  Number of jobs executed: 0
  Using thread pool 'org.quartz.simpl.SimpleThreadPool' - with 10 threads.
  Using job-store 'org.quartz.simpl.RAMJobStore' - which does not support persistence. and is not clustered.

01:02:01.630 [main] INFO  o.q.i.StdSchedulerFactory - [instantiate,1374] - Quartz scheduler 'quartzScheduler' initialized from an externally provided properties instance.
01:02:01.630 [main] INFO  o.q.i.StdSchedulerFactory - [instantiate,1378] - Quartz scheduler version: 2.3.2
01:02:01.630 [main] INFO  o.q.c.QuartzScheduler - [setJobFactory,2293] - JobFactory set to: org.springframework.scheduling.quartz.SpringBeanJobFactory@14bbfdee
01:02:03.334 [main] INFO  o.a.c.h.Http11NioProtocol - [log,173] - Starting ProtocolHandler ["http-nio-8080"]
01:02:03.930 [main] INFO  o.q.c.QuartzScheduler - [start,547] - Scheduler quartzScheduler_$_NON_CLUSTERED started.
01:02:03.942 [main] INFO  c.s.ServerApplication - [logStarted,61] - Started ServerApplication in 10.487 seconds (JVM running for 11.227)
01:02:03.984 [main] INFO  c.s.s.SensorCommunicationService - [startSensorCommunication,91] - 启动传感器通信流程，查询到 2 个传感器设备
01:02:03.985 [main] INFO  c.s.s.SensorCommunicationService - [startSensorCommunication,109] - 传感器通信流程启动完成，成功启动 2 个采集任务
01:02:03.993 [main] INFO  c.s.t.HeartbeatScheduledTask - [startHeartbeatTasks,94] - 启动心跳任务，检查到 2 个设备需要发送心跳
01:02:03.994 [main] INFO  c.s.t.HeartbeatScheduledTask - [startHeartbeatTasks,107] - 心跳任务启动完成，共启动 2 个设备的心跳任务
01:02:04.422 [Serial-Command-Executor] INFO  c.s.c.DynamicMqttClientFactoryManager - [createClientFactoryWithConfig,117] - 创建MQTT客户端工厂: broker=tcp://43.139.89.73:1883, username=bxwy
01:02:04.450 [Serial-Command-Executor] INFO  c.s.s.i.AgricultureAgricultureDynamicMqttServiceImpl - [lambda$0,168] - 创建动态MQTT MessageHandler: deviceId=58, broker=tcp://43.139.89.73:1883, clientId=dynamic_mqtt_58_3da89b6a
01:02:07.490 [http-nio-8080-exec-2] INFO  o.a.c.c.C.[.[.[/] - [log,173] - Initializing Spring DispatcherServlet 'dispatcherServlet'
01:02:07.560 [http-nio-8080-exec-2] INFO  c.s.w.MqSocketServer - [onOpen,25] - RabbitMQ客户端：admin建立连接
01:02:07.594 [http-nio-8080-exec-3] INFO  c.s.sse.SseServer - [createSse,59] - [AGRICULTURE]创建sse连接成功！
01:02:10.745 [schedule-pool-1] INFO  sys-user - [run,56] - [127.0.0.1]内网IP[admin][Success][登录成功]
01:02:19.291 [http-nio-8080-exec-23] INFO  c.s.h.MyMetaObjectHandler - [updateFill,38] - start update fill ....
01:02:28.782 [http-nio-8080-exec-32] INFO  c.s.h.MyMetaObjectHandler - [updateFill,38] - start update fill ....
01:04:46.375 [http-nio-8080-exec-47] INFO  c.s.w.MqSocketServer - [onClose,31] - RabbitMQ客户端连接断开:admin
01:04:46.620 [http-nio-8080-exec-48] INFO  c.s.w.MqSocketServer - [onOpen,25] - RabbitMQ客户端：admin建立连接
01:04:46.624 [http-nio-8080-exec-46] INFO  c.s.sse.SseServer - [createSse,59] - [AGRICULTURE]创建sse连接成功！
01:05:05.967 [http-nio-8080-exec-58] INFO  c.s.sse.SseServer - [createSse,59] - [AGRICULTURE]创建sse连接成功！
01:05:58.883 [http-nio-8080-exec-61] INFO  c.s.sse.SseServer - [createSse,59] - [AGRICULTURE]创建sse连接成功！
01:07:15.129 [http-nio-8080-exec-77] INFO  c.s.w.MqSocketServer - [onClose,31] - RabbitMQ客户端连接断开:admin
01:07:15.982 [http-nio-8080-exec-78] INFO  c.s.w.MqSocketServer - [onOpen,25] - RabbitMQ客户端：admin建立连接
01:07:15.986 [http-nio-8080-exec-79] INFO  c.s.sse.SseServer - [createSse,59] - [AGRICULTURE]创建sse连接成功！
01:09:22.175 [http-nio-8080-exec-93] INFO  c.s.sse.SseServer - [createSse,59] - [AGRICULTURE]创建sse连接成功！
01:09:35.224 [http-nio-8080-exec-97] INFO  c.s.w.MqSocketServer - [onClose,31] - RabbitMQ客户端连接断开:admin
01:09:36.090 [http-nio-8080-exec-98] INFO  c.s.w.MqSocketServer - [onOpen,25] - RabbitMQ客户端：admin建立连接
01:09:36.094 [http-nio-8080-exec-99] INFO  c.s.sse.SseServer - [createSse,59] - [AGRICULTURE]创建sse连接成功！
01:09:54.043 [http-nio-8080-exec-11] INFO  c.s.sse.SseServer - [createSse,59] - [AGRICULTURE]创建sse连接成功！
01:10:00.491 [http-nio-8080-exec-13] INFO  c.s.w.MqSocketServer - [onClose,31] - RabbitMQ客户端连接断开:admin
01:10:01.027 [http-nio-8080-exec-10] INFO  c.s.w.MqSocketServer - [onOpen,25] - RabbitMQ客户端：admin建立连接
01:10:01.030 [http-nio-8080-exec-16] INFO  c.s.sse.SseServer - [createSse,59] - [AGRICULTURE]创建sse连接成功！
01:10:25.011 [http-nio-8080-exec-21] INFO  c.s.sse.SseServer - [createSse,59] - [AGRICULTURE]创建sse连接成功！
01:10:54.643 [http-nio-8080-exec-24] INFO  c.s.sse.SseServer - [createSse,59] - [AGRICULTURE]创建sse连接成功！
01:11:06.157 [http-nio-8080-exec-31] INFO  c.s.w.MqSocketServer - [onClose,31] - RabbitMQ客户端连接断开:admin
01:11:06.713 [http-nio-8080-exec-32] INFO  c.s.w.MqSocketServer - [onOpen,25] - RabbitMQ客户端：admin建立连接
01:11:06.717 [http-nio-8080-exec-33] INFO  c.s.sse.SseServer - [createSse,59] - [AGRICULTURE]创建sse连接成功！
01:11:20.845 [http-nio-8080-exec-38] INFO  c.s.sse.SseServer - [createSse,59] - [AGRICULTURE]创建sse连接成功！
01:11:21.922 [http-nio-8080-exec-39] INFO  c.s.w.MqSocketServer - [onClose,31] - RabbitMQ客户端连接断开:admin
01:11:22.843 [http-nio-8080-exec-40] INFO  c.s.w.MqSocketServer - [onOpen,25] - RabbitMQ客户端：admin建立连接
01:11:22.848 [http-nio-8080-exec-41] INFO  c.s.sse.SseServer - [createSse,59] - [AGRICULTURE]创建sse连接成功！
01:11:26.410 [http-nio-8080-exec-47] INFO  c.s.w.MqSocketServer - [onClose,31] - RabbitMQ客户端连接断开:admin
01:11:27.007 [http-nio-8080-exec-48] INFO  c.s.w.MqSocketServer - [onOpen,25] - RabbitMQ客户端：admin建立连接
01:11:27.010 [http-nio-8080-exec-46] INFO  c.s.sse.SseServer - [createSse,59] - [AGRICULTURE]创建sse连接成功！
01:11:31.424 [http-nio-8080-exec-60] INFO  c.s.w.MqSocketServer - [onClose,31] - RabbitMQ客户端连接断开:admin
01:11:31.974 [http-nio-8080-exec-61] INFO  c.s.w.MqSocketServer - [onOpen,25] - RabbitMQ客户端：admin建立连接
01:11:31.978 [http-nio-8080-exec-64] INFO  c.s.sse.SseServer - [createSse,59] - [AGRICULTURE]创建sse连接成功！
01:12:24.212 [http-nio-8080-exec-75] INFO  c.s.sse.SseServer - [createSse,59] - [AGRICULTURE]创建sse连接成功！
01:16:31.129 [http-nio-8080-exec-92] INFO  c.s.sse.SseServer - [createSse,59] - [AGRICULTURE]创建sse连接成功！
01:16:34.957 [http-nio-8080-exec-94] INFO  c.s.w.MqSocketServer - [onClose,31] - RabbitMQ客户端连接断开:admin
01:16:35.784 [http-nio-8080-exec-95] INFO  c.s.w.MqSocketServer - [onOpen,25] - RabbitMQ客户端：admin建立连接
01:16:35.788 [http-nio-8080-exec-96] INFO  c.s.sse.SseServer - [createSse,59] - [AGRICULTURE]创建sse连接成功！
01:18:25.129 [http-nio-8080-exec-9] INFO  c.s.w.MqSocketServer - [onClose,31] - RabbitMQ客户端连接断开:admin
01:18:26.211 [http-nio-8080-exec-12] INFO  c.s.w.MqSocketServer - [onOpen,25] - RabbitMQ客户端：admin建立连接
01:18:26.214 [http-nio-8080-exec-11] INFO  c.s.sse.SseServer - [createSse,59] - [AGRICULTURE]创建sse连接成功！
01:19:24.324 [http-nio-8080-exec-14] INFO  c.s.w.MqSocketServer - [onClose,31] - RabbitMQ客户端连接断开:admin
01:19:24.894 [http-nio-8080-exec-19] INFO  c.s.w.MqSocketServer - [onOpen,25] - RabbitMQ客户端：admin建立连接
01:19:24.904 [http-nio-8080-exec-17] INFO  c.s.sse.SseServer - [createSse,59] - [AGRICULTURE]创建sse连接成功！
01:20:56.616 [http-nio-8080-exec-34] INFO  c.s.sse.SseServer - [createSse,59] - [AGRICULTURE]创建sse连接成功！
01:21:54.308 [http-nio-8080-exec-45] INFO  c.s.sse.SseServer - [createSse,59] - [AGRICULTURE]创建sse连接成功！
01:21:54.885 [http-nio-8080-exec-47] INFO  c.s.w.MqSocketServer - [onClose,31] - RabbitMQ客户端连接断开:admin
01:21:55.979 [http-nio-8080-exec-48] INFO  c.s.w.MqSocketServer - [onOpen,25] - RabbitMQ客户端：admin建立连接
01:21:55.983 [http-nio-8080-exec-46] INFO  c.s.sse.SseServer - [createSse,59] - [AGRICULTURE]创建sse连接成功！
01:23:17.949 [http-nio-8080-exec-59] INFO  c.s.sse.SseServer - [createSse,59] - [AGRICULTURE]创建sse连接成功！
01:23:19.016 [http-nio-8080-exec-60] INFO  c.s.w.MqSocketServer - [onClose,31] - RabbitMQ客户端连接断开:admin
01:23:19.960 [http-nio-8080-exec-61] INFO  c.s.w.MqSocketServer - [onOpen,25] - RabbitMQ客户端：admin建立连接
01:23:19.964 [http-nio-8080-exec-64] INFO  c.s.sse.SseServer - [createSse,59] - [AGRICULTURE]创建sse连接成功！
01:23:25.258 [http-nio-8080-exec-67] INFO  c.s.sse.SseServer - [createSse,59] - [AGRICULTURE]创建sse连接成功！
01:23:39.882 [http-nio-8080-exec-66] INFO  c.s.sse.SseServer - [createSse,59] - [AGRICULTURE]创建sse连接成功！
01:23:42.676 [http-nio-8080-exec-68] INFO  c.s.w.MqSocketServer - [onClose,31] - RabbitMQ客户端连接断开:admin
01:23:43.473 [http-nio-8080-exec-70] INFO  c.s.w.MqSocketServer - [onOpen,25] - RabbitMQ客户端：admin建立连接
01:23:43.477 [http-nio-8080-exec-69] INFO  c.s.sse.SseServer - [createSse,59] - [AGRICULTURE]创建sse连接成功！
01:23:44.450 [http-nio-8080-exec-72] INFO  c.s.sse.SseServer - [createSse,59] - [AGRICULTURE]创建sse连接成功！
01:23:52.927 [http-nio-8080-exec-73] INFO  c.s.sse.SseServer - [createSse,59] - [AGRICULTURE]创建sse连接成功！
01:23:55.972 [http-nio-8080-exec-74] INFO  c.s.w.MqSocketServer - [onClose,31] - RabbitMQ客户端连接断开:admin
01:23:56.724 [http-nio-8080-exec-75] INFO  c.s.w.MqSocketServer - [onOpen,25] - RabbitMQ客户端：admin建立连接
01:23:56.727 [http-nio-8080-exec-76] INFO  c.s.sse.SseServer - [createSse,59] - [AGRICULTURE]创建sse连接成功！
01:23:59.639 [http-nio-8080-exec-77] INFO  c.s.w.MqSocketServer - [onClose,31] - RabbitMQ客户端连接断开:admin
01:24:01.146 [http-nio-8080-exec-81] INFO  c.s.w.MqSocketServer - [onOpen,25] - RabbitMQ客户端：admin建立连接
01:24:01.149 [http-nio-8080-exec-80] INFO  c.s.sse.SseServer - [createSse,59] - [AGRICULTURE]创建sse连接成功！
01:25:06.762 [http-nio-8080-exec-88] INFO  c.s.sse.SseServer - [createSse,59] - [AGRICULTURE]创建sse连接成功！
01:25:07.256 [http-nio-8080-exec-89] INFO  c.s.w.MqSocketServer - [onClose,31] - RabbitMQ客户端连接断开:admin
01:25:08.185 [http-nio-8080-exec-90] INFO  c.s.w.MqSocketServer - [onOpen,25] - RabbitMQ客户端：admin建立连接
01:25:08.189 [http-nio-8080-exec-91] INFO  c.s.sse.SseServer - [createSse,59] - [AGRICULTURE]创建sse连接成功！
01:25:39.436 [http-nio-8080-exec-95] INFO  c.s.sse.SseServer - [createSse,59] - [AGRICULTURE]创建sse连接成功！
01:25:42.257 [http-nio-8080-exec-96] INFO  c.s.w.MqSocketServer - [onClose,31] - RabbitMQ客户端连接断开:admin
01:25:42.840 [http-nio-8080-exec-97] INFO  c.s.w.MqSocketServer - [onOpen,25] - RabbitMQ客户端：admin建立连接
01:25:42.845 [http-nio-8080-exec-98] INFO  c.s.sse.SseServer - [createSse,59] - [AGRICULTURE]创建sse连接成功！
01:26:01.330 [http-nio-8080-exec-19] INFO  c.s.s.i.AgricultureBatchTaskServiceImpl - [selectBatchTaskList,68] - Query parameters: AgricultureBatchTask(taskId=null, batchId=333, taskName=null, responsiblePersonId=null, responsiblePersonName=null, planStart=null, planFinish=null, actualStart=null, actualFinish=null, taskDetail=null, taskImages=null, taskVideos=null, status=null, orderNum=null, delFlag=null, searchValue=null, params=null, remark=null)
01:26:01.346 [http-nio-8080-exec-19] INFO  c.s.s.i.AgricultureBatchTaskServiceImpl - [selectBatchTaskList,72] - Query result size: 10
01:26:04.840 [http-nio-8080-exec-17] INFO  c.s.s.i.AgricultureBatchTaskServiceImpl - [selectBatchTaskList,68] - Query parameters: AgricultureBatchTask(taskId=null, batchId=334, taskName=null, responsiblePersonId=null, responsiblePersonName=null, planStart=null, planFinish=null, actualStart=null, actualFinish=null, taskDetail=null, taskImages=null, taskVideos=null, status=null, orderNum=null, delFlag=null, searchValue=null, params=null, remark=null)
01:26:04.847 [http-nio-8080-exec-17] INFO  c.s.s.i.AgricultureBatchTaskServiceImpl - [selectBatchTaskList,72] - Query result size: 10
01:26:05.802 [http-nio-8080-exec-18] INFO  c.s.s.i.AgricultureBatchTaskServiceImpl - [selectBatchTaskList,68] - Query parameters: AgricultureBatchTask(taskId=null, batchId=335, taskName=null, responsiblePersonId=null, responsiblePersonName=null, planStart=null, planFinish=null, actualStart=null, actualFinish=null, taskDetail=null, taskImages=null, taskVideos=null, status=null, orderNum=null, delFlag=null, searchValue=null, params=null, remark=null)
01:26:05.807 [http-nio-8080-exec-18] INFO  c.s.s.i.AgricultureBatchTaskServiceImpl - [selectBatchTaskList,72] - Query result size: 10
01:26:06.128 [http-nio-8080-exec-20] INFO  c.s.s.i.AgricultureBatchTaskServiceImpl - [selectBatchTaskList,68] - Query parameters: AgricultureBatchTask(taskId=null, batchId=336, taskName=null, responsiblePersonId=null, responsiblePersonName=null, planStart=null, planFinish=null, actualStart=null, actualFinish=null, taskDetail=null, taskImages=null, taskVideos=null, status=null, orderNum=null, delFlag=null, searchValue=null, params=null, remark=null)
01:26:06.133 [http-nio-8080-exec-20] INFO  c.s.s.i.AgricultureBatchTaskServiceImpl - [selectBatchTaskList,72] - Query result size: 7
01:26:06.955 [http-nio-8080-exec-23] INFO  c.s.s.i.AgricultureBatchTaskServiceImpl - [selectBatchTaskList,68] - Query parameters: AgricultureBatchTask(taskId=null, batchId=333, taskName=null, responsiblePersonId=null, responsiblePersonName=null, planStart=null, planFinish=null, actualStart=null, actualFinish=null, taskDetail=null, taskImages=null, taskVideos=null, status=null, orderNum=null, delFlag=null, searchValue=null, params=null, remark=null)
01:26:06.961 [http-nio-8080-exec-23] INFO  c.s.s.i.AgricultureBatchTaskServiceImpl - [selectBatchTaskList,72] - Query result size: 10
01:26:07.322 [http-nio-8080-exec-21] INFO  c.s.s.i.AgricultureBatchTaskServiceImpl - [selectBatchTaskList,68] - Query parameters: AgricultureBatchTask(taskId=null, batchId=334, taskName=null, responsiblePersonId=null, responsiblePersonName=null, planStart=null, planFinish=null, actualStart=null, actualFinish=null, taskDetail=null, taskImages=null, taskVideos=null, status=null, orderNum=null, delFlag=null, searchValue=null, params=null, remark=null)
01:26:07.326 [http-nio-8080-exec-21] INFO  c.s.s.i.AgricultureBatchTaskServiceImpl - [selectBatchTaskList,72] - Query result size: 10
01:26:08.357 [http-nio-8080-exec-30] INFO  c.s.s.i.AgricultureBatchTaskServiceImpl - [selectBatchTaskList,68] - Query parameters: AgricultureBatchTask(taskId=null, batchId=334, taskName=null, responsiblePersonId=null, responsiblePersonName=null, planStart=null, planFinish=null, actualStart=null, actualFinish=null, taskDetail=null, taskImages=null, taskVideos=null, status=null, orderNum=null, delFlag=null, searchValue=null, params=null, remark=null)
01:26:08.357 [http-nio-8080-exec-29] INFO  c.s.s.i.AgricultureBatchTaskServiceImpl - [selectBatchTaskList,68] - Query parameters: AgricultureBatchTask(taskId=null, batchId=335, taskName=null, responsiblePersonId=null, responsiblePersonName=null, planStart=null, planFinish=null, actualStart=null, actualFinish=null, taskDetail=null, taskImages=null, taskVideos=null, status=null, orderNum=null, delFlag=null, searchValue=null, params=null, remark=null)
01:26:08.357 [http-nio-8080-exec-26] INFO  c.s.s.i.AgricultureBatchTaskServiceImpl - [selectBatchTaskList,68] - Query parameters: AgricultureBatchTask(taskId=null, batchId=333, taskName=null, responsiblePersonId=null, responsiblePersonName=null, planStart=null, planFinish=null, actualStart=null, actualFinish=null, taskDetail=null, taskImages=null, taskVideos=null, status=null, orderNum=null, delFlag=null, searchValue=null, params=null, remark=null)
01:26:08.359 [http-nio-8080-exec-27] INFO  c.s.s.i.AgricultureBatchTaskServiceImpl - [selectBatchTaskList,68] - Query parameters: AgricultureBatchTask(taskId=null, batchId=336, taskName=null, responsiblePersonId=null, responsiblePersonName=null, planStart=null, planFinish=null, actualStart=null, actualFinish=null, taskDetail=null, taskImages=null, taskVideos=null, status=null, orderNum=null, delFlag=null, searchValue=null, params=null, remark=null)
01:26:08.363 [http-nio-8080-exec-27] INFO  c.s.s.i.AgricultureBatchTaskServiceImpl - [selectBatchTaskList,72] - Query result size: 7
01:26:08.363 [http-nio-8080-exec-30] INFO  c.s.s.i.AgricultureBatchTaskServiceImpl - [selectBatchTaskList,72] - Query result size: 10
01:26:08.363 [http-nio-8080-exec-29] INFO  c.s.s.i.AgricultureBatchTaskServiceImpl - [selectBatchTaskList,72] - Query result size: 10
01:26:08.364 [http-nio-8080-exec-26] INFO  c.s.s.i.AgricultureBatchTaskServiceImpl - [selectBatchTaskList,72] - Query result size: 10
01:26:09.391 [http-nio-8080-exec-35] INFO  c.s.s.i.AgricultureBatchTaskServiceImpl - [selectBatchTaskList,68] - Query parameters: AgricultureBatchTask(taskId=null, batchId=333, taskName=null, responsiblePersonId=null, responsiblePersonName=null, planStart=null, planFinish=null, actualStart=null, actualFinish=null, taskDetail=null, taskImages=null, taskVideos=null, status=null, orderNum=null, delFlag=null, searchValue=null, params=null, remark=null)
01:26:09.397 [http-nio-8080-exec-35] INFO  c.s.s.i.AgricultureBatchTaskServiceImpl - [selectBatchTaskList,72] - Query result size: 10
01:26:10.358 [http-nio-8080-exec-39] INFO  c.s.s.i.AgricultureBatchTaskServiceImpl - [selectBatchTaskList,68] - Query parameters: AgricultureBatchTask(taskId=null, batchId=333, taskName=null, responsiblePersonId=null, responsiblePersonName=null, planStart=null, planFinish=null, actualStart=null, actualFinish=null, taskDetail=null, taskImages=null, taskVideos=null, status=null, orderNum=null, delFlag=null, searchValue=null, params=null, remark=null)
01:26:10.358 [http-nio-8080-exec-42] INFO  c.s.s.i.AgricultureBatchTaskServiceImpl - [selectBatchTaskList,68] - Query parameters: AgricultureBatchTask(taskId=null, batchId=336, taskName=null, responsiblePersonId=null, responsiblePersonName=null, planStart=null, planFinish=null, actualStart=null, actualFinish=null, taskDetail=null, taskImages=null, taskVideos=null, status=null, orderNum=null, delFlag=null, searchValue=null, params=null, remark=null)
01:26:10.358 [http-nio-8080-exec-41] INFO  c.s.s.i.AgricultureBatchTaskServiceImpl - [selectBatchTaskList,68] - Query parameters: AgricultureBatchTask(taskId=null, batchId=335, taskName=null, responsiblePersonId=null, responsiblePersonName=null, planStart=null, planFinish=null, actualStart=null, actualFinish=null, taskDetail=null, taskImages=null, taskVideos=null, status=null, orderNum=null, delFlag=null, searchValue=null, params=null, remark=null)
01:26:10.358 [http-nio-8080-exec-40] INFO  c.s.s.i.AgricultureBatchTaskServiceImpl - [selectBatchTaskList,68] - Query parameters: AgricultureBatchTask(taskId=null, batchId=334, taskName=null, responsiblePersonId=null, responsiblePersonName=null, planStart=null, planFinish=null, actualStart=null, actualFinish=null, taskDetail=null, taskImages=null, taskVideos=null, status=null, orderNum=null, delFlag=null, searchValue=null, params=null, remark=null)
01:26:10.362 [http-nio-8080-exec-42] INFO  c.s.s.i.AgricultureBatchTaskServiceImpl - [selectBatchTaskList,72] - Query result size: 7
01:26:10.362 [http-nio-8080-exec-41] INFO  c.s.s.i.AgricultureBatchTaskServiceImpl - [selectBatchTaskList,72] - Query result size: 10
01:26:10.362 [http-nio-8080-exec-40] INFO  c.s.s.i.AgricultureBatchTaskServiceImpl - [selectBatchTaskList,72] - Query result size: 10
01:26:10.362 [http-nio-8080-exec-39] INFO  c.s.s.i.AgricultureBatchTaskServiceImpl - [selectBatchTaskList,72] - Query result size: 10
01:26:38.736 [http-nio-8080-exec-49] INFO  c.s.sse.SseServer - [createSse,59] - [AGRICULTURE]创建sse连接成功！
01:26:46.270 [http-nio-8080-exec-58] INFO  c.s.w.MqSocketServer - [onClose,31] - RabbitMQ客户端连接断开:admin
01:26:46.782 [http-nio-8080-exec-59] INFO  c.s.w.MqSocketServer - [onOpen,25] - RabbitMQ客户端：admin建立连接
01:26:46.785 [http-nio-8080-exec-60] INFO  c.s.sse.SseServer - [createSse,59] - [AGRICULTURE]创建sse连接成功！
01:26:52.528 [http-nio-8080-exec-63] INFO  c.s.w.MqSocketServer - [onClose,31] - RabbitMQ客户端连接断开:admin
01:26:53.039 [http-nio-8080-exec-65] INFO  c.s.w.MqSocketServer - [onOpen,25] - RabbitMQ客户端：admin建立连接
01:26:53.042 [http-nio-8080-exec-67] INFO  c.s.sse.SseServer - [createSse,59] - [AGRICULTURE]创建sse连接成功！
01:27:12.316 [http-nio-8080-exec-62] INFO  c.s.sse.SseServer - [createSse,59] - [AGRICULTURE]创建sse连接成功！
01:27:32.805 [http-nio-8080-exec-72] INFO  c.s.w.MqSocketServer - [onClose,31] - RabbitMQ客户端连接断开:admin
01:27:33.359 [http-nio-8080-exec-73] INFO  c.s.w.MqSocketServer - [onOpen,25] - RabbitMQ客户端：admin建立连接
01:27:33.362 [http-nio-8080-exec-74] INFO  c.s.sse.SseServer - [createSse,59] - [AGRICULTURE]创建sse连接成功！
01:27:48.243 [http-nio-8080-exec-85] INFO  c.s.sse.SseServer - [createSse,59] - [AGRICULTURE]创建sse连接成功！
01:28:15.478 [http-nio-8080-exec-88] INFO  c.s.sse.SseServer - [createSse,59] - [AGRICULTURE]创建sse连接成功！
01:28:37.724 [http-nio-8080-exec-91] INFO  c.s.sse.SseServer - [createSse,59] - [AGRICULTURE]创建sse连接成功！
01:28:44.174 [http-nio-8080-exec-92] INFO  c.s.w.MqSocketServer - [onClose,31] - RabbitMQ客户端连接断开:admin
01:28:44.778 [http-nio-8080-exec-93] INFO  c.s.w.MqSocketServer - [onOpen,25] - RabbitMQ客户端：admin建立连接
01:28:44.780 [http-nio-8080-exec-94] INFO  c.s.sse.SseServer - [createSse,59] - [AGRICULTURE]创建sse连接成功！
01:30:03.785 [http-nio-8080-exec-100] INFO  c.s.sse.SseServer - [createSse,59] - [AGRICULTURE]创建sse连接成功！
01:30:12.125 [http-nio-8080-exec-4] INFO  c.s.w.MqSocketServer - [onClose,31] - RabbitMQ客户端连接断开:admin
01:30:12.601 [http-nio-8080-exec-5] INFO  c.s.w.MqSocketServer - [onOpen,25] - RabbitMQ客户端：admin建立连接
01:30:12.605 [http-nio-8080-exec-1] INFO  c.s.sse.SseServer - [createSse,59] - [AGRICULTURE]创建sse连接成功！
01:30:32.110 [http-nio-8080-exec-8] INFO  c.s.sse.SseServer - [createSse,59] - [AGRICULTURE]创建sse连接成功！
01:30:41.276 [http-nio-8080-exec-12] INFO  c.s.sse.SseServer - [createSse,59] - [AGRICULTURE]创建sse连接成功！
01:30:44.047 [http-nio-8080-exec-13] INFO  c.s.w.MqSocketServer - [onClose,31] - RabbitMQ客户端连接断开:admin
01:30:44.618 [http-nio-8080-exec-10] INFO  c.s.w.MqSocketServer - [onOpen,25] - RabbitMQ客户端：admin建立连接
01:30:44.624 [http-nio-8080-exec-16] INFO  c.s.sse.SseServer - [createSse,59] - [AGRICULTURE]创建sse连接成功！
01:34:47.905 [http-nio-8080-exec-33] INFO  c.s.sse.SseServer - [createSse,59] - [AGRICULTURE]创建sse连接成功！
01:34:58.197 [http-nio-8080-exec-43] INFO  c.s.sse.SseServer - [createSse,59] - [AGRICULTURE]创建sse连接成功！
01:35:01.130 [http-nio-8080-exec-44] INFO  c.s.sse.SseServer - [createSse,59] - [AGRICULTURE]创建sse连接成功！
01:35:27.876 [http-nio-8080-exec-84] INFO  c.s.sse.SseServer - [createSse,59] - [AGRICULTURE]创建sse连接成功！
01:35:50.628 [http-nio-8080-exec-90] INFO  c.s.sse.SseServer - [createSse,59] - [AGRICULTURE]创建sse连接成功！
01:36:15.288 [http-nio-8080-exec-95] INFO  c.s.sse.SseServer - [createSse,59] - [AGRICULTURE]创建sse连接成功！
01:36:40.846 [http-nio-8080-exec-7] INFO  c.s.sse.SseServer - [createSse,59] - [AGRICULTURE]创建sse连接成功！
01:36:59.133 [http-nio-8080-exec-11] INFO  c.s.sse.SseServer - [createSse,59] - [AGRICULTURE]创建sse连接成功！
01:37:05.493 [http-nio-8080-exec-13] INFO  c.s.sse.SseServer - [createSse,59] - [AGRICULTURE]创建sse连接成功！
01:37:31.873 [http-nio-8080-exec-23] INFO  c.s.sse.SseServer - [createSse,59] - [AGRICULTURE]创建sse连接成功！
01:39:06.342 [http-nio-8080-exec-29] INFO  c.s.sse.SseServer - [createSse,59] - [AGRICULTURE]创建sse连接成功！
01:39:26.693 [http-nio-8080-exec-39] INFO  c.s.sse.SseServer - [createSse,59] - [AGRICULTURE]创建sse连接成功！
01:40:12.535 [http-nio-8080-exec-59] INFO  c.s.sse.SseServer - [createSse,59] - [AGRICULTURE]创建sse连接成功！
01:40:30.905 [http-nio-8080-exec-66] INFO  c.s.sse.SseServer - [createSse,59] - [AGRICULTURE]创建sse连接成功！
01:40:46.084 [http-nio-8080-exec-68] INFO  c.s.sse.SseServer - [createSse,59] - [AGRICULTURE]创建sse连接成功！
01:40:59.540 [http-nio-8080-exec-70] INFO  c.s.sse.SseServer - [createSse,59] - [AGRICULTURE]创建sse连接成功！
01:41:17.003 [http-nio-8080-exec-71] INFO  c.s.sse.SseServer - [createSse,59] - [AGRICULTURE]创建sse连接成功！
01:41:23.712 [http-nio-8080-exec-75] INFO  c.s.sse.SseServer - [createSse,59] - [AGRICULTURE]创建sse连接成功！
01:41:29.482 [http-nio-8080-exec-76] INFO  c.s.sse.SseServer - [createSse,59] - [AGRICULTURE]创建sse连接成功！
01:41:33.574 [http-nio-8080-exec-79] INFO  c.s.sse.SseServer - [createSse,59] - [AGRICULTURE]创建sse连接成功！
01:41:37.306 [http-nio-8080-exec-77] INFO  c.s.sse.SseServer - [createSse,59] - [AGRICULTURE]创建sse连接成功！
01:41:41.346 [http-nio-8080-exec-78] INFO  c.s.sse.SseServer - [createSse,59] - [AGRICULTURE]创建sse连接成功！
01:42:11.404 [http-nio-8080-exec-87] INFO  c.s.sse.SseServer - [createSse,59] - [AGRICULTURE]创建sse连接成功！
01:42:20.330 [http-nio-8080-exec-88] INFO  c.s.sse.SseServer - [createSse,59] - [AGRICULTURE]创建sse连接成功！
01:42:24.715 [http-nio-8080-exec-89] INFO  c.s.sse.SseServer - [createSse,59] - [AGRICULTURE]创建sse连接成功！
01:43:19.916 [http-nio-8080-exec-98] INFO  c.s.sse.SseServer - [createSse,59] - [AGRICULTURE]创建sse连接成功！
01:45:09.725 [http-nio-8080-exec-99] INFO  c.s.sse.SseServer - [createSse,59] - [AGRICULTURE]创建sse连接成功！
01:49:10.210 [http-nio-8080-exec-38] INFO  c.s.sse.SseServer - [createSse,59] - [AGRICULTURE]创建sse连接成功！
01:49:17.562 [http-nio-8080-exec-43] INFO  c.s.w.MqSocketServer - [onClose,31] - RabbitMQ客户端连接断开:admin
01:49:18.606 [http-nio-8080-exec-40] INFO  c.s.w.MqSocketServer - [onOpen,25] - RabbitMQ客户端：admin建立连接
01:49:18.624 [http-nio-8080-exec-44] INFO  c.s.sse.SseServer - [createSse,59] - [AGRICULTURE]创建sse连接成功！
01:52:34.385 [http-nio-8080-exec-88] INFO  c.s.sse.SseServer - [createSse,59] - [AGRICULTURE]创建sse连接成功！
01:53:35.701 [http-nio-8080-exec-4] INFO  c.s.sse.SseServer - [createSse,59] - [AGRICULTURE]创建sse连接成功！
01:57:33.020 [http-nio-8080-exec-72] INFO  c.s.sse.SseServer - [createSse,59] - [AGRICULTURE]创建sse连接成功！
01:57:43.755 [http-nio-8080-exec-83] INFO  c.s.sse.SseServer - [createSse,59] - [AGRICULTURE]创建sse连接成功！
01:58:03.288 [http-nio-8080-exec-2] INFO  c.s.sse.SseServer - [createSse,59] - [AGRICULTURE]创建sse连接成功！
01:58:38.482 [http-nio-8080-exec-67] INFO  c.s.sse.SseServer - [createSse,59] - [AGRICULTURE]创建sse连接成功！
02:00:14.622 [http-nio-8080-exec-78] INFO  c.s.sse.SseServer - [createSse,59] - [AGRICULTURE]创建sse连接成功！
02:00:34.135 [http-nio-8080-exec-95] INFO  c.s.sse.SseServer - [createSse,59] - [AGRICULTURE]创建sse连接成功！
02:01:39.561 [http-nio-8080-exec-98] INFO  c.s.sse.SseServer - [createSse,59] - [AGRICULTURE]创建sse连接成功！
02:03:27.504 [http-nio-8080-exec-42] INFO  c.s.sse.SseServer - [createSse,59] - [AGRICULTURE]创建sse连接成功！
02:05:29.560 [http-nio-8080-exec-51] INFO  c.s.sse.SseServer - [createSse,59] - [AGRICULTURE]创建sse连接成功！
02:10:02.722 [http-nio-8080-exec-58] INFO  c.s.sse.SseServer - [createSse,59] - [AGRICULTURE]创建sse连接成功！
02:10:10.489 [http-nio-8080-exec-59] INFO  c.s.sse.SseServer - [createSse,59] - [AGRICULTURE]创建sse连接成功！
02:10:11.162 [http-nio-8080-exec-60] INFO  c.s.w.MqSocketServer - [onClose,31] - RabbitMQ客户端连接断开:admin
02:10:12.342 [http-nio-8080-exec-64] INFO  c.s.w.MqSocketServer - [onOpen,25] - RabbitMQ客户端：admin建立连接
02:10:12.346 [http-nio-8080-exec-65] INFO  c.s.sse.SseServer - [createSse,59] - [AGRICULTURE]创建sse连接成功！
02:11:29.197 [http-nio-8080-exec-86] INFO  c.s.sse.SseServer - [createSse,59] - [AGRICULTURE]创建sse连接成功！
02:11:29.831 [http-nio-8080-exec-87] INFO  c.s.w.MqSocketServer - [onClose,31] - RabbitMQ客户端连接断开:admin
02:11:31.106 [http-nio-8080-exec-85] INFO  c.s.w.MqSocketServer - [onOpen,25] - RabbitMQ客户端：admin建立连接
02:11:31.111 [http-nio-8080-exec-88] INFO  c.s.sse.SseServer - [createSse,59] - [AGRICULTURE]创建sse连接成功！
02:11:35.589 [SpringApplicationShutdownHook] INFO  o.q.c.QuartzScheduler - [standby,585] - Scheduler quartzScheduler_$_NON_CLUSTERED paused.
02:12:06.202 [main] INFO  c.s.ServerApplication - [logStarting,55] - Starting ServerApplication using Java 17.0.14 on bxwy with PID 40864 (D:\0.bishe\QGJ\greenhouse-management-oldserver\server-admin\target\classes started by bxwy in D:\0.bishe\QGJ\greenhouse-management-oldserver)
02:12:06.202 [background-preinit] INFO  o.h.v.i.util.Version - [<clinit>,21] - HV000001: Hibernate Validator 6.2.5.Final
02:12:06.204 [main] INFO  c.s.ServerApplication - [logStartupProfileInfo,686] - The following 2 profiles are active: "dev", "druid"
02:12:08.932 [main] INFO  o.a.c.h.Http11NioProtocol - [log,173] - Initializing ProtocolHandler ["http-nio-8080"]
02:12:08.933 [main] INFO  o.a.c.c.StandardService - [log,173] - Starting service [Tomcat]
02:12:08.933 [main] INFO  o.a.c.c.StandardEngine - [log,173] - Starting Servlet engine: [Apache Tomcat/9.0.102]
02:12:09.210 [main] INFO  o.a.c.c.C.[.[.[/] - [log,173] - Initializing Spring embedded WebApplicationContext
02:12:10.575 [main] INFO  c.a.d.p.DruidDataSource - [init,1002] - {dataSource-1} inited
02:12:15.918 [main] INFO  c.s.s.SerialPortService - [init,36] - 正在初始化串口服务...
02:12:15.918 [main] INFO  c.s.s.SerialPortService - [connect,41] - 正在尝试连接串口: COM5，波特率: 9600
02:12:15.964 [main] INFO  c.s.s.SerialPortService - [connect,46] - 成功打开串口: COM5
02:12:16.257 [main] INFO  o.q.i.StdSchedulerFactory - [instantiate,1220] - Using default implementation for ThreadExecutor
02:12:16.276 [main] INFO  o.q.c.SchedulerSignalerImpl - [<init>,61] - Initialized Scheduler Signaller of type: class org.quartz.core.SchedulerSignalerImpl
02:12:16.277 [main] INFO  o.q.c.QuartzScheduler - [<init>,229] - Quartz Scheduler v.2.3.2 created.
02:12:16.278 [main] INFO  o.q.s.RAMJobStore - [initialize,155] - RAMJobStore initialized.
02:12:16.279 [main] INFO  o.q.c.QuartzScheduler - [initialize,294] - Scheduler meta-data: Quartz Scheduler (v2.3.2) 'quartzScheduler' with instanceId 'NON_CLUSTERED'
  Scheduler class: 'org.quartz.core.QuartzScheduler' - running locally.
  NOT STARTED.
  Currently in standby mode.
  Number of jobs executed: 0
  Using thread pool 'org.quartz.simpl.SimpleThreadPool' - with 10 threads.
  Using job-store 'org.quartz.simpl.RAMJobStore' - which does not support persistence. and is not clustered.

02:12:16.279 [main] INFO  o.q.i.StdSchedulerFactory - [instantiate,1374] - Quartz scheduler 'quartzScheduler' initialized from an externally provided properties instance.
02:12:16.279 [main] INFO  o.q.i.StdSchedulerFactory - [instantiate,1378] - Quartz scheduler version: 2.3.2
02:12:16.281 [main] INFO  o.q.c.QuartzScheduler - [setJobFactory,2293] - JobFactory set to: org.springframework.scheduling.quartz.SpringBeanJobFactory@2154de40
02:12:19.052 [main] INFO  o.a.c.h.Http11NioProtocol - [log,173] - Starting ProtocolHandler ["http-nio-8080"]
02:12:19.407 [http-nio-8080-exec-2] INFO  o.a.c.c.C.[.[.[/] - [log,173] - Initializing Spring DispatcherServlet 'dispatcherServlet'
02:12:19.510 [http-nio-8080-exec-1] INFO  c.s.w.MqSocketServer - [onOpen,25] - RabbitMQ客户端：admin建立连接
02:12:19.510 [http-nio-8080-exec-2] INFO  c.s.w.MqSocketServer - [onOpen,25] - RabbitMQ客户端：admin建立连接
02:12:19.521 [http-nio-8080-exec-4] INFO  c.s.w.MqSocketServer - [onOpen,25] - RabbitMQ客户端：admin建立连接
02:12:19.535 [http-nio-8080-exec-6] INFO  c.s.w.MqSocketServer - [onOpen,25] - RabbitMQ客户端：admin建立连接
02:12:19.965 [main] INFO  o.q.c.QuartzScheduler - [start,547] - Scheduler quartzScheduler_$_NON_CLUSTERED started.
02:12:19.985 [main] INFO  c.s.ServerApplication - [logStarted,61] - Started ServerApplication in 14.327 seconds (JVM running for 15.157)
02:12:20.039 [main] INFO  c.s.s.SensorCommunicationService - [startSensorCommunication,91] - 启动传感器通信流程，查询到 2 个传感器设备
02:12:20.040 [main] INFO  c.s.s.SensorCommunicationService - [startSensorCommunication,109] - 传感器通信流程启动完成，成功启动 2 个采集任务
02:12:20.050 [main] INFO  c.s.t.HeartbeatScheduledTask - [startHeartbeatTasks,94] - 启动心跳任务，检查到 2 个设备需要发送心跳
02:12:20.051 [main] INFO  c.s.t.HeartbeatScheduledTask - [startHeartbeatTasks,107] - 心跳任务启动完成，共启动 2 个设备的心跳任务
02:12:20.114 [http-nio-8080-exec-5] INFO  c.s.w.MqSocketServer - [onOpen,25] - RabbitMQ客户端：admin建立连接
02:12:20.472 [Serial-Command-Executor] INFO  c.s.c.DynamicMqttClientFactoryManager - [createClientFactoryWithConfig,117] - 创建MQTT客户端工厂: broker=tcp://43.139.89.73:1883, username=bxwy
02:12:20.516 [Serial-Command-Executor] INFO  c.s.s.i.AgricultureAgricultureDynamicMqttServiceImpl - [lambda$0,168] - 创建动态MQTT MessageHandler: deviceId=59, broker=tcp://43.139.89.73:1883, clientId=dynamic_mqtt_59_c06184b6
02:12:22.123 [http-nio-8080-exec-8] INFO  c.s.w.MqSocketServer - [onOpen,25] - RabbitMQ客户端：admin建立连接
02:12:30.347 [http-nio-8080-exec-9] INFO  c.s.sse.SseServer - [createSse,59] - [AGRICULTURE]创建sse连接成功！
02:12:30.664 [http-nio-8080-exec-14] INFO  c.s.w.MqSocketServer - [onClose,31] - RabbitMQ客户端连接断开:admin
02:12:30.664 [http-nio-8080-exec-15] INFO  c.s.w.MqSocketServer - [onClose,31] - RabbitMQ客户端连接断开:admin
02:12:30.664 [http-nio-8080-exec-10] INFO  c.s.w.MqSocketServer - [onClose,31] - RabbitMQ客户端连接断开:admin
02:12:30.664 [http-nio-8080-exec-11] INFO  c.s.w.MqSocketServer - [onClose,31] - RabbitMQ客户端连接断开:admin
02:12:30.664 [http-nio-8080-exec-12] INFO  c.s.w.MqSocketServer - [onClose,31] - RabbitMQ客户端连接断开:admin
02:12:30.664 [http-nio-8080-exec-13] INFO  c.s.w.MqSocketServer - [onClose,31] - RabbitMQ客户端连接断开:admin
02:12:32.075 [http-nio-8080-exec-16] INFO  c.s.w.MqSocketServer - [onOpen,25] - RabbitMQ客户端：admin建立连接
02:12:32.081 [http-nio-8080-exec-17] INFO  c.s.sse.SseServer - [createSse,59] - [AGRICULTURE]创建sse连接成功！
02:13:02.200 [http-nio-8080-exec-39] INFO  c.s.sse.SseServer - [createSse,59] - [AGRICULTURE]创建sse连接成功！
02:13:58.671 [http-nio-8080-exec-42] INFO  c.s.sse.SseServer - [createSse,59] - [AGRICULTURE]创建sse连接成功！
02:17:03.967 [http-nio-8080-exec-52] INFO  c.s.sse.SseServer - [createSse,59] - [AGRICULTURE]创建sse连接成功！
02:17:05.131 [http-nio-8080-exec-54] INFO  c.s.w.MqSocketServer - [onClose,31] - RabbitMQ客户端连接断开:admin
02:17:06.244 [http-nio-8080-exec-55] INFO  c.s.w.MqSocketServer - [onOpen,25] - RabbitMQ客户端：admin建立连接
02:17:06.288 [http-nio-8080-exec-56] INFO  c.s.sse.SseServer - [createSse,59] - [AGRICULTURE]创建sse连接成功！
02:17:20.225 [http-nio-8080-exec-78] INFO  c.s.h.MyMetaObjectHandler - [insertFill,18] - start insert fill ....
02:17:25.185 [http-nio-8080-exec-80] INFO  c.s.h.MyMetaObjectHandler - [updateFill,38] - start update fill ....
02:17:43.293 [http-nio-8080-exec-10] INFO  c.s.h.MyMetaObjectHandler - [updateFill,38] - start update fill ....
02:19:14.782 [http-nio-8080-exec-96] INFO  c.s.sse.SseServer - [createSse,59] - [AGRICULTURE]创建sse连接成功！
02:19:15.376 [http-nio-8080-exec-95] INFO  c.s.w.MqSocketServer - [onClose,31] - RabbitMQ客户端连接断开:admin
02:19:15.955 [http-nio-8080-exec-94] INFO  c.s.w.MqSocketServer - [onOpen,25] - RabbitMQ客户端：admin建立连接
02:19:15.958 [http-nio-8080-exec-98] INFO  c.s.sse.SseServer - [createSse,59] - [AGRICULTURE]创建sse连接成功！
02:19:34.915 [http-nio-8080-exec-18] INFO  c.s.h.MyMetaObjectHandler - [updateFill,38] - start update fill ....
02:19:51.158 [http-nio-8080-exec-21] INFO  c.s.sse.SseServer - [createSse,59] - [AGRICULTURE]创建sse连接成功！
02:20:22.732 [http-nio-8080-exec-44] INFO  c.s.sse.SseServer - [createSse,59] - [AGRICULTURE]创建sse连接成功！
02:20:34.112 [http-nio-8080-exec-63] INFO  c.s.h.MyMetaObjectHandler - [updateFill,38] - start update fill ....
02:22:43.811 [http-nio-8080-exec-87] INFO  c.s.sse.SseServer - [createSse,59] - [AGRICULTURE]创建sse连接成功！
02:22:47.958 [http-nio-8080-exec-96] INFO  c.s.sse.SseServer - [createSse,59] - [AGRICULTURE]创建sse连接成功！
02:23:42.031 [http-nio-8080-exec-94] INFO  c.s.sse.SseServer - [createSse,59] - [AGRICULTURE]创建sse连接成功！
02:23:51.663 [http-nio-8080-exec-32] INFO  c.s.sse.SseServer - [createSse,59] - [AGRICULTURE]创建sse连接成功！
02:24:03.897 [http-nio-8080-exec-66] INFO  c.s.sse.SseServer - [createSse,59] - [AGRICULTURE]创建sse连接成功！
02:24:16.332 [http-nio-8080-exec-72] INFO  c.s.sse.SseServer - [createSse,59] - [AGRICULTURE]创建sse连接成功！
02:24:19.013 [http-nio-8080-exec-71] INFO  c.s.sse.SseServer - [createSse,59] - [AGRICULTURE]创建sse连接成功！
02:24:34.958 [http-nio-8080-exec-73] INFO  c.s.sse.SseServer - [createSse,59] - [AGRICULTURE]创建sse连接成功！
02:24:45.993 [http-nio-8080-exec-74] INFO  c.s.sse.SseServer - [createSse,59] - [AGRICULTURE]创建sse连接成功！
02:25:08.872 [http-nio-8080-exec-75] INFO  c.s.sse.SseServer - [createSse,59] - [AGRICULTURE]创建sse连接成功！
02:25:30.856 [http-nio-8080-exec-79] INFO  c.s.sse.SseServer - [createSse,59] - [AGRICULTURE]创建sse连接成功！
02:25:47.441 [http-nio-8080-exec-80] INFO  c.s.sse.SseServer - [createSse,59] - [AGRICULTURE]创建sse连接成功！
